<html>
<body>
<pre>
<h1>Vision Build Log</h1>
<h2>Tool Versions:</h2>
IDE-Version: μVision V5.14.2
Copyright (C) 2015 ARM Ltd and ARM Germany GmbH. All rights reserved.
License Information: Cortex-M4, 3, LIC=S5ISB-2LFD1-BXKUY-I01M0-5SI42-8JYL9
 
Tool Versions:
Toolchain:       MDK-ARM Professional  Version: 5.14.0.0
Toolchain Path:  F:\keil5\ARM\ARMCC\Bin
C Compiler:      Armcc.exe V5.05 update 1 (build 106)
Assembler:       Armasm.exe V5.05 update 1 (build 106)
Linker/Locator:  ArmLink.exe V5.05 update 1 (build 106)
Library Manager: ArmAr.exe V5.05 update 1 (build 106)
Hex Converter:   FromElf.exe V5.05 update 1 (build 106)
CPU DLL:         SARMCM3.DLL V5.14.0.0
Dialog DLL:      DCM.DLL V1.13.1.0
Target DLL:      STLink\ST-LINKIII-KEIL_SWO.dll V2.0.14.0_KEIL
Dialog DLL:      TCM.DLL V1.14.4.0
 
<h2>Project:</h2>
F:\钱旭\武汉理工大学\电赛\stm32f4_modules\Debuging\摄像头例程\USER\Template.uvprojx
Project File Date:  08/27/2018

<h2>Output:</h2>
*** Using Compiler 'V5.05 update 1 (build 106)', folder: 'F:\keil5\ARM\ARMCC\Bin'
Build target 'Template'
compiling main.c...
..\HARDWARE\CAMERA\OV7620.h(26): error:  #20: identifier "bool" is undefined
   bool  ImgDealOk;
..\HARDWARE\CAMERA\OV7620.h(27): error:  #20: identifier "bool" is undefined
   bool  ImgOk;
..\HARDWARE\CAMERA\OV7620.h(28): error:  #20: identifier "bool" is undefined
   bool  InitStatu;
..\HARDWARE\CAMERA\OV7620.h(39): warning:  #1-D: last line of file ends without a newline
  #endif
main.c: 1 warning, 3 errors
compiling stm32f4xx_it.c...
compiling system_stm32f4xx.c...
compiling dcmi.c...
..\HARDWARE\CAMERA\OV7620.h(26): error:  #20: identifier "bool" is undefined
   bool  ImgDealOk;
..\HARDWARE\CAMERA\OV7620.h(27): error:  #20: identifier "bool" is undefined
   bool  ImgOk;
..\HARDWARE\CAMERA\OV7620.h(28): error:  #20: identifier "bool" is undefined
   bool  InitStatu;
..\HARDWARE\CAMERA\OV7620.h(39): warning:  #1-D: last line of file ends without a newline
  #endif
..\HARDWARE\CAMERA\dcmi.c(276): warning:  #1-D: last line of file ends without a newline
  #endif
..\HARDWARE\CAMERA\dcmi.c: 2 warnings, 3 errors
compiling OV7620.c...
..\HARDWARE\CAMERA\OV7620.h(20): error:  #20: identifier "u8" is undefined
        u8 Address;                            /*瀵瀛ㄥ板*/
..\HARDWARE\CAMERA\OV7620.h(21): error:  #20: identifier "u8" is undefined
        u8 Value;                          /*瀵瀛ㄥ?/
..\HARDWARE\CAMERA\OV7620.h(26): error:  #20: identifier "bool" is undefined
   bool  ImgDealOk;
..\HARDWARE\CAMERA\OV7620.h(27): error:  #20: identifier "bool" is undefined
   bool  ImgOk;
..\HARDWARE\CAMERA\OV7620.h(28): error:  #20: identifier "bool" is undefined
   bool  InitStatu;
..\HARDWARE\CAMERA\OV7620.h(29): error:  #20: identifier "s16" is undefined
   s16   lines;
..\HARDWARE\CAMERA\OV7620.h(34): error:  #20: identifier "u8" is undefined
  extern u8 Image[CAMERA_H+5][CAMERA_W]= {0};  //惧
..\HARDWARE\CAMERA\OV7620.h(36): error:  #20: identifier "u8" is undefined
  extern u8 Ov7620_reg_Init(void); //瀵瀛ㄥ濮
..\HARDWARE\CAMERA\OV7620.h(37): error:  #20: identifier "u8" is undefined
  extern u8 OV7620_Init(void);   //濮澶
..\HARDWARE\CAMERA\OV7620.h(39): warning:  #1-D: last line of file ends without a newline
  #endif
..\HARDWARE\CAMERA\OV7620.c(14): error:  #148: variable "Image" has already been initialized
  u8 Image[CAMERA_H+5][CAMERA_W]= {0};
..\HARDWARE\CAMERA\OV7620.c: 1 warning, 10 errors
compiling sccb.c...
assembling startup_stm32f40_41xxx.s...
compiling misc.c...
compiling stm32f4xx_adc.c...
compiling stm32f4xx_can.c...
compiling stm32f4xx_crc.c...
compiling stm32f4xx_cryp.c...
compiling stm32f4xx_cryp_aes.c...
compiling stm32f4xx_cryp_des.c...
compiling stm32f4xx_cryp_tdes.c...
compiling stm32f4xx_dac.c...
compiling stm32f4xx_dbgmcu.c...
compiling stm32f4xx_dcmi.c...
compiling stm32f4xx_dma2d.c...
compiling stm32f4xx_dma.c...
compiling stm32f4xx_exti.c...
compiling stm32f4xx_flash.c...
compiling stm32f4xx_flash_ramfunc.c...
compiling stm32f4xx_fsmc.c...
